<?xml version="1.0" encoding="UTF-8"?>
<!-- Generated by org.testng.reporters.JUnitReportReporter -->
<testsuite skipped="0" hostname="DESKTOP-QR4NIPM" name="com.qa.ecomm.tests.LoginPageTest" tests="7" failures="0" timestamp="2021-02-16T18:38:43 EST" time="82.247" errors="0">
  <testcase name="verifyLoginPageTitleTest" time="13.815" classname="com.qa.ecomm.tests.LoginPageTest"/>
  <system-out/>
  <testcase name="verifyForgotPasswordLink" time="11.821" classname="com.qa.ecomm.tests.LoginPageTest"/>
  <system-out/>
  <testcase name="VerifyLoginWithValidCredentialsTest" time="8.434" classname="com.qa.ecomm.tests.LoginPageTest"/>
  <system-out/>
  <testcase name="invalidLogintest" time="11.127" classname="com.qa.ecomm.tests.LoginPageTest"/>
  <system-out/>
  <testcase name="invalidLogintest" time="10.929" classname="com.qa.ecomm.tests.LoginPageTest"/>
  <system-out/>
  <testcase name="invalidLogintest" time="16.811" classname="com.qa.ecomm.tests.LoginPageTest"/>
  <system-out/>
  <testcase name="invalidLogintest" time="9.310" classname="com.qa.ecomm.tests.LoginPageTest"/>
  <system-out/>
</testsuite> <!-- com.qa.ecomm.tests.LoginPageTest -->
