<?xml version="1.0" encoding="UTF-8"?>
<!-- Generated by org.testng.reporters.JUnitReportReporter -->
<testsuite skipped="0" hostname="DESKTOP-QR4NIPM" name="com.qa.ecomm.tests.AccountPageTest" tests="5" failures="0" timestamp="2021-02-16T18:38:43 EST" time="68.590" errors="0">
  <testcase name="verifyHomePageTest" time="10.987" classname="com.qa.ecomm.tests.AccountPageTest"/>
  <system-out/>
  <testcase name="verifyPageHeaderTest" time="11.666" classname="com.qa.ecomm.tests.AccountPageTest"/>
  <system-out/>
  <testcase name="verifyAccountSectionCountTest" time="18.338" classname="com.qa.ecomm.tests.AccountPageTest"/>
  <system-out/>
  <testcase name="verifyAccountSectionListTest" time="10.650" classname="com.qa.ecomm.tests.AccountPageTest"/>
  <system-out/>
  <testcase name="verifySearchAccountTest" time="16.949" classname="com.qa.ecomm.tests.AccountPageTest"/>
  <system-out/>
</testsuite> <!-- com.qa.ecomm.tests.AccountPageTest -->
